2023-05-30 20:52:09,234 DEBUG [main] cache:45 - Couldn't find template in cache for "spark/spark.spa.ftl"("en_US", UTF-8, parsed); will try to load it.
2023-05-30 20:52:09,236 DEBUG [main] cache:45 - TemplateLoader.findTemplateSource("spark/spark.spa_en_US.ftl"): Not found
2023-05-30 20:52:09,238 DEBUG [main] cache:45 - TemplateLoader.findTemplateSource("spark/spark.spa_en.ftl"): Not found
2023-05-30 20:52:09,239 DEBUG [main] cache:45 - TemplateLoader.findTemplateSource("spark/spark.spa.ftl"): Found
2023-05-30 20:52:09,240 DEBUG [main] cache:45 - Loading template for "spark/spark.spa.ftl"("en_US", UTF-8, parsed) from "jar:file:/C:/Users/Divya8798/.m2/repository/com/aventstack/extentreports/5.0.9/extentreports-5.0.9.jar!/com/aventstack/extentreports/templates/spark/spark.spa.ftl"
2023-05-30 20:52:09,301 DEBUG [main] cache:45 - Couldn't find template in cache for "commons/commons-variables.ftl"("en_US", UTF-8, parsed); will try to load it.
2023-05-30 20:52:09,302 DEBUG [main] cache:45 - TemplateLoader.findTemplateSource("commons/commons-variables_en_US.ftl"): Not found
2023-05-30 20:52:09,302 DEBUG [main] cache:45 - TemplateLoader.findTemplateSource("commons/commons-variables_en.ftl"): Not found
2023-05-30 20:52:09,303 DEBUG [main] cache:45 - TemplateLoader.findTemplateSource("commons/commons-variables.ftl"): Found
2023-05-30 20:52:09,303 DEBUG [main] cache:45 - Loading template for "commons/commons-variables.ftl"("en_US", UTF-8, parsed) from "jar:file:/C:/Users/Divya8798/.m2/repository/com/aventstack/extentreports/5.0.9/extentreports-5.0.9.jar!/com/aventstack/extentreports/templates/commons/commons-variables.ftl"
2023-05-30 20:52:09,414 DEBUG [main] cache:45 - Couldn't find template in cache for "commons/commons-macros.ftl"("en_US", UTF-8, parsed); will try to load it.
2023-05-30 20:52:09,415 DEBUG [main] cache:45 - TemplateLoader.findTemplateSource("commons/commons-macros_en_US.ftl"): Not found
2023-05-30 20:52:09,415 DEBUG [main] cache:45 - TemplateLoader.findTemplateSource("commons/commons-macros_en.ftl"): Not found
2023-05-30 20:52:09,415 DEBUG [main] cache:45 - TemplateLoader.findTemplateSource("commons/commons-macros.ftl"): Found
2023-05-30 20:52:09,417 DEBUG [main] cache:45 - Loading template for "commons/commons-macros.ftl"("en_US", UTF-8, parsed) from "jar:file:/C:/Users/Divya8798/.m2/repository/com/aventstack/extentreports/5.0.9/extentreports-5.0.9.jar!/com/aventstack/extentreports/templates/commons/commons-macros.ftl"
2023-05-30 20:52:09,423 DEBUG [main] cache:45 - Couldn't find template in cache for "spark/macros/attributes.ftl"("en_US", UTF-8, parsed); will try to load it.
2023-05-30 20:52:09,423 DEBUG [main] cache:45 - TemplateLoader.findTemplateSource("spark/macros/attributes_en_US.ftl"): Not found
2023-05-30 20:52:09,424 DEBUG [main] cache:45 - TemplateLoader.findTemplateSource("spark/macros/attributes_en.ftl"): Not found
2023-05-30 20:52:09,424 DEBUG [main] cache:45 - TemplateLoader.findTemplateSource("spark/macros/attributes.ftl"): Found
2023-05-30 20:52:09,425 DEBUG [main] cache:45 - Loading template for "spark/macros/attributes.ftl"("en_US", UTF-8, parsed) from "jar:file:/C:/Users/Divya8798/.m2/repository/com/aventstack/extentreports/5.0.9/extentreports-5.0.9.jar!/com/aventstack/extentreports/templates/spark/macros/attributes.ftl"
2023-05-30 20:52:09,427 DEBUG [main] cache:45 - Couldn't find template in cache for "spark/macros/log.ftl"("en_US", UTF-8, parsed); will try to load it.
2023-05-30 20:52:09,429 DEBUG [main] cache:45 - TemplateLoader.findTemplateSource("spark/macros/log_en_US.ftl"): Not found
2023-05-30 20:52:09,429 DEBUG [main] cache:45 - TemplateLoader.findTemplateSource("spark/macros/log_en.ftl"): Not found
2023-05-30 20:52:09,430 DEBUG [main] cache:45 - TemplateLoader.findTemplateSource("spark/macros/log.ftl"): Found
2023-05-30 20:52:09,431 DEBUG [main] cache:45 - Loading template for "spark/macros/log.ftl"("en_US", UTF-8, parsed) from "jar:file:/C:/Users/Divya8798/.m2/repository/com/aventstack/extentreports/5.0.9/extentreports-5.0.9.jar!/com/aventstack/extentreports/templates/spark/macros/log.ftl"
2023-05-30 20:52:09,434 DEBUG [main] cache:45 - Couldn't find template in cache for "spark/macros/recurse_nodes.ftl"("en_US", UTF-8, parsed); will try to load it.
2023-05-30 20:52:09,434 DEBUG [main] cache:45 - TemplateLoader.findTemplateSource("spark/macros/recurse_nodes_en_US.ftl"): Not found
2023-05-30 20:52:09,435 DEBUG [main] cache:45 - TemplateLoader.findTemplateSource("spark/macros/recurse_nodes_en.ftl"): Not found
2023-05-30 20:52:09,435 DEBUG [main] cache:45 - TemplateLoader.findTemplateSource("spark/macros/recurse_nodes.ftl"): Found
2023-05-30 20:52:09,437 DEBUG [main] cache:45 - Loading template for "spark/macros/recurse_nodes.ftl"("en_US", UTF-8, parsed) from "jar:file:/C:/Users/Divya8798/.m2/repository/com/aventstack/extentreports/5.0.9/extentreports-5.0.9.jar!/com/aventstack/extentreports/templates/spark/macros/recurse_nodes.ftl"
2023-05-30 20:52:09,444 DEBUG [main] cache:45 - "spark/macros/log.ftl"("en_US", UTF-8, parsed) cached copy not yet stale; using cached.
2023-05-30 20:52:09,444 DEBUG [main] cache:45 - Couldn't find template in cache for "spark/macros/attr-common.ftl"("en_US", UTF-8, parsed); will try to load it.
2023-05-30 20:52:09,445 DEBUG [main] cache:45 - TemplateLoader.findTemplateSource("spark/macros/attr-common_en_US.ftl"): Not found
2023-05-30 20:52:09,445 DEBUG [main] cache:45 - TemplateLoader.findTemplateSource("spark/macros/attr-common_en.ftl"): Not found
2023-05-30 20:52:09,446 DEBUG [main] cache:45 - TemplateLoader.findTemplateSource("spark/macros/attr-common.ftl"): Found
2023-05-30 20:52:09,446 DEBUG [main] cache:45 - Loading template for "spark/macros/attr-common.ftl"("en_US", UTF-8, parsed) from "jar:file:/C:/Users/Divya8798/.m2/repository/com/aventstack/extentreports/5.0.9/extentreports-5.0.9.jar!/com/aventstack/extentreports/templates/spark/macros/attr-common.ftl"
2023-05-30 20:52:09,458 DEBUG [main] cache:45 - Couldn't find template in cache for "spark/partials/head.ftl"("en_US", UTF-8, parsed); will try to load it.
2023-05-30 20:52:09,460 DEBUG [main] cache:45 - TemplateLoader.findTemplateSource("spark/partials/head_en_US.ftl"): Not found
2023-05-30 20:52:09,460 DEBUG [main] cache:45 - TemplateLoader.findTemplateSource("spark/partials/head_en.ftl"): Not found
2023-05-30 20:52:09,461 DEBUG [main] cache:45 - TemplateLoader.findTemplateSource("spark/partials/head.ftl"): Found
2023-05-30 20:52:09,461 DEBUG [main] cache:45 - Loading template for "spark/partials/head.ftl"("en_US", UTF-8, parsed) from "jar:file:/C:/Users/Divya8798/.m2/repository/com/aventstack/extentreports/5.0.9/extentreports-5.0.9.jar!/com/aventstack/extentreports/templates/spark/partials/head.ftl"
2023-05-30 20:52:09,464 DEBUG [main] cache:45 - Couldn't find template in cache for "commons/commons-inject-css.ftl"("en_US", UTF-8, parsed); will try to load it.
2023-05-30 20:52:09,464 DEBUG [main] cache:45 - TemplateLoader.findTemplateSource("commons/commons-inject-css_en_US.ftl"): Not found
2023-05-30 20:52:09,465 DEBUG [main] cache:45 - TemplateLoader.findTemplateSource("commons/commons-inject-css_en.ftl"): Not found
2023-05-30 20:52:09,467 DEBUG [main] cache:45 - TemplateLoader.findTemplateSource("commons/commons-inject-css.ftl"): Found
2023-05-30 20:52:09,467 DEBUG [main] cache:45 - Loading template for "commons/commons-inject-css.ftl"("en_US", UTF-8, parsed) from "jar:file:/C:/Users/Divya8798/.m2/repository/com/aventstack/extentreports/5.0.9/extentreports-5.0.9.jar!/com/aventstack/extentreports/templates/commons/commons-inject-css.ftl"
2023-05-30 20:52:09,470 DEBUG [main] cache:45 - Couldn't find template in cache for "spark/partials/navbar.ftl"("en_US", UTF-8, parsed); will try to load it.
2023-05-30 20:52:09,471 DEBUG [main] cache:45 - TemplateLoader.findTemplateSource("spark/partials/navbar_en_US.ftl"): Not found
2023-05-30 20:52:09,471 DEBUG [main] cache:45 - TemplateLoader.findTemplateSource("spark/partials/navbar_en.ftl"): Not found
2023-05-30 20:52:09,472 DEBUG [main] cache:45 - TemplateLoader.findTemplateSource("spark/partials/navbar.ftl"): Found
2023-05-30 20:52:09,472 DEBUG [main] cache:45 - Loading template for "spark/partials/navbar.ftl"("en_US", UTF-8, parsed) from "jar:file:/C:/Users/Divya8798/.m2/repository/com/aventstack/extentreports/5.0.9/extentreports-5.0.9.jar!/com/aventstack/extentreports/templates/spark/partials/navbar.ftl"
2023-05-30 20:52:09,480 DEBUG [main] cache:45 - Couldn't find template in cache for "spark/partials/sidenav.ftl"("en_US", UTF-8, parsed); will try to load it.
2023-05-30 20:52:09,485 DEBUG [main] cache:45 - TemplateLoader.findTemplateSource("spark/partials/sidenav_en_US.ftl"): Not found
2023-05-30 20:52:09,486 DEBUG [main] cache:45 - TemplateLoader.findTemplateSource("spark/partials/sidenav_en.ftl"): Not found
2023-05-30 20:52:09,486 DEBUG [main] cache:45 - TemplateLoader.findTemplateSource("spark/partials/sidenav.ftl"): Found
2023-05-30 20:52:09,486 DEBUG [main] cache:45 - Loading template for "spark/partials/sidenav.ftl"("en_US", UTF-8, parsed) from "jar:file:/C:/Users/Divya8798/.m2/repository/com/aventstack/extentreports/5.0.9/extentreports-5.0.9.jar!/com/aventstack/extentreports/templates/spark/partials/sidenav.ftl"
2023-05-30 20:52:09,495 DEBUG [main] cache:45 - Couldn't find template in cache for "spark/partials/test.ftl"("en_US", UTF-8, parsed); will try to load it.
2023-05-30 20:52:09,496 DEBUG [main] cache:45 - TemplateLoader.findTemplateSource("spark/partials/test_en_US.ftl"): Not found
2023-05-30 20:52:09,496 DEBUG [main] cache:45 - TemplateLoader.findTemplateSource("spark/partials/test_en.ftl"): Not found
2023-05-30 20:52:09,496 DEBUG [main] cache:45 - TemplateLoader.findTemplateSource("spark/partials/test.ftl"): Found
2023-05-30 20:52:09,496 DEBUG [main] cache:45 - Loading template for "spark/partials/test.ftl"("en_US", UTF-8, parsed) from "jar:file:/C:/Users/Divya8798/.m2/repository/com/aventstack/extentreports/5.0.9/extentreports-5.0.9.jar!/com/aventstack/extentreports/templates/spark/partials/test.ftl"
2023-05-30 20:52:09,504 DEBUG [main] cache:45 - Couldn't find template in cache for "spark/partials/exception.ftl"("en_US", UTF-8, parsed); will try to load it.
2023-05-30 20:52:09,505 DEBUG [main] cache:45 - TemplateLoader.findTemplateSource("spark/partials/exception_en_US.ftl"): Not found
2023-05-30 20:52:09,505 DEBUG [main] cache:45 - TemplateLoader.findTemplateSource("spark/partials/exception_en.ftl"): Not found
2023-05-30 20:52:09,506 DEBUG [main] cache:45 - TemplateLoader.findTemplateSource("spark/partials/exception.ftl"): Found
2023-05-30 20:52:09,506 DEBUG [main] cache:45 - Loading template for "spark/partials/exception.ftl"("en_US", UTF-8, parsed) from "jar:file:/C:/Users/Divya8798/.m2/repository/com/aventstack/extentreports/5.0.9/extentreports-5.0.9.jar!/com/aventstack/extentreports/templates/spark/partials/exception.ftl"
2023-05-30 20:52:09,507 DEBUG [main] cache:45 - Couldn't find template in cache for "spark/partials/category.ftl"("en_US", UTF-8, parsed); will try to load it.
2023-05-30 20:52:09,508 DEBUG [main] cache:45 - TemplateLoader.findTemplateSource("spark/partials/category_en_US.ftl"): Not found
2023-05-30 20:52:09,508 DEBUG [main] cache:45 - TemplateLoader.findTemplateSource("spark/partials/category_en.ftl"): Not found
2023-05-30 20:52:09,509 DEBUG [main] cache:45 - TemplateLoader.findTemplateSource("spark/partials/category.ftl"): Found
2023-05-30 20:52:09,509 DEBUG [main] cache:45 - Loading template for "spark/partials/category.ftl"("en_US", UTF-8, parsed) from "jar:file:/C:/Users/Divya8798/.m2/repository/com/aventstack/extentreports/5.0.9/extentreports-5.0.9.jar!/com/aventstack/extentreports/templates/spark/partials/category.ftl"
2023-05-30 20:52:09,512 DEBUG [main] cache:45 - Couldn't find template in cache for "spark/partials/device.ftl"("en_US", UTF-8, parsed); will try to load it.
2023-05-30 20:52:09,512 DEBUG [main] cache:45 - TemplateLoader.findTemplateSource("spark/partials/device_en_US.ftl"): Not found
2023-05-30 20:52:09,513 DEBUG [main] cache:45 - TemplateLoader.findTemplateSource("spark/partials/device_en.ftl"): Not found
2023-05-30 20:52:09,513 DEBUG [main] cache:45 - TemplateLoader.findTemplateSource("spark/partials/device.ftl"): Found
2023-05-30 20:52:09,513 DEBUG [main] cache:45 - Loading template for "spark/partials/device.ftl"("en_US", UTF-8, parsed) from "jar:file:/C:/Users/Divya8798/.m2/repository/com/aventstack/extentreports/5.0.9/extentreports-5.0.9.jar!/com/aventstack/extentreports/templates/spark/partials/device.ftl"
2023-05-30 20:52:09,515 DEBUG [main] cache:45 - Couldn't find template in cache for "spark/partials/author.ftl"("en_US", UTF-8, parsed); will try to load it.
2023-05-30 20:52:09,516 DEBUG [main] cache:45 - TemplateLoader.findTemplateSource("spark/partials/author_en_US.ftl"): Not found
2023-05-30 20:52:09,517 DEBUG [main] cache:45 - TemplateLoader.findTemplateSource("spark/partials/author_en.ftl"): Not found
2023-05-30 20:52:09,518 DEBUG [main] cache:45 - TemplateLoader.findTemplateSource("spark/partials/author.ftl"): Found
2023-05-30 20:52:09,518 DEBUG [main] cache:45 - Loading template for "spark/partials/author.ftl"("en_US", UTF-8, parsed) from "jar:file:/C:/Users/Divya8798/.m2/repository/com/aventstack/extentreports/5.0.9/extentreports-5.0.9.jar!/com/aventstack/extentreports/templates/spark/partials/author.ftl"
2023-05-30 20:52:09,519 DEBUG [main] cache:45 - Couldn't find template in cache for "spark/partials/log.ftl"("en_US", UTF-8, parsed); will try to load it.
2023-05-30 20:52:09,520 DEBUG [main] cache:45 - TemplateLoader.findTemplateSource("spark/partials/log_en_US.ftl"): Not found
2023-05-30 20:52:09,521 DEBUG [main] cache:45 - TemplateLoader.findTemplateSource("spark/partials/log_en.ftl"): Not found
2023-05-30 20:52:09,522 DEBUG [main] cache:45 - TemplateLoader.findTemplateSource("spark/partials/log.ftl"): Found
2023-05-30 20:52:09,522 DEBUG [main] cache:45 - Loading template for "spark/partials/log.ftl"("en_US", UTF-8, parsed) from "jar:file:/C:/Users/Divya8798/.m2/repository/com/aventstack/extentreports/5.0.9/extentreports-5.0.9.jar!/com/aventstack/extentreports/templates/spark/partials/log.ftl"
2023-05-30 20:52:09,524 DEBUG [main] cache:45 - Couldn't find template in cache for "spark/partials/dashboard.ftl"("en_US", UTF-8, parsed); will try to load it.
2023-05-30 20:52:09,531 DEBUG [main] cache:45 - TemplateLoader.findTemplateSource("spark/partials/dashboard_en_US.ftl"): Not found
2023-05-30 20:52:09,532 DEBUG [main] cache:45 - TemplateLoader.findTemplateSource("spark/partials/dashboard_en.ftl"): Not found
2023-05-30 20:52:09,533 DEBUG [main] cache:45 - TemplateLoader.findTemplateSource("spark/partials/dashboard.ftl"): Found
2023-05-30 20:52:09,534 DEBUG [main] cache:45 - Loading template for "spark/partials/dashboard.ftl"("en_US", UTF-8, parsed) from "jar:file:/C:/Users/Divya8798/.m2/repository/com/aventstack/extentreports/5.0.9/extentreports-5.0.9.jar!/com/aventstack/extentreports/templates/spark/partials/dashboard.ftl"
2023-05-30 20:52:09,569 DEBUG [main] cache:45 - Couldn't find template in cache for "spark/partials/scripts.ftl"("en_US", UTF-8, parsed); will try to load it.
2023-05-30 20:52:09,573 DEBUG [main] cache:45 - TemplateLoader.findTemplateSource("spark/partials/scripts_en_US.ftl"): Not found
2023-05-30 20:52:09,573 DEBUG [main] cache:45 - TemplateLoader.findTemplateSource("spark/partials/scripts_en.ftl"): Not found
2023-05-30 20:52:09,575 DEBUG [main] cache:45 - TemplateLoader.findTemplateSource("spark/partials/scripts.ftl"): Found
2023-05-30 20:52:09,575 DEBUG [main] cache:45 - Loading template for "spark/partials/scripts.ftl"("en_US", UTF-8, parsed) from "jar:file:/C:/Users/Divya8798/.m2/repository/com/aventstack/extentreports/5.0.9/extentreports-5.0.9.jar!/com/aventstack/extentreports/templates/spark/partials/scripts.ftl"
2023-05-30 20:52:09,577 DEBUG [main] cache:45 - Couldn't find template in cache for "commons/commons-inject-js.ftl"("en_US", UTF-8, parsed); will try to load it.
2023-05-30 20:52:09,579 DEBUG [main] cache:45 - TemplateLoader.findTemplateSource("commons/commons-inject-js_en_US.ftl"): Not found
2023-05-30 20:52:09,579 DEBUG [main] cache:45 - TemplateLoader.findTemplateSource("commons/commons-inject-js_en.ftl"): Not found
2023-05-30 20:52:09,580 DEBUG [main] cache:45 - TemplateLoader.findTemplateSource("commons/commons-inject-js.ftl"): Found
2023-05-30 20:52:09,580 DEBUG [main] cache:45 - Loading template for "commons/commons-inject-js.ftl"("en_US", UTF-8, parsed) from "jar:file:/C:/Users/Divya8798/.m2/repository/com/aventstack/extentreports/5.0.9/extentreports-5.0.9.jar!/com/aventstack/extentreports/templates/commons/commons-inject-js.ftl"
