2023-05-02 19:18:04,123  INFO [main] ContactsPageTest:71 - Chrome driver initiated........
2023-05-02 19:18:04,140  INFO [main] WebEventListener:46 - Property file path>>>>>>https://classic.crmpro.com/index.html
2023-05-02 19:18:12,659  INFO [main] WebEventListener:26 - Application Launched Successfully
2023-05-02 19:18:12,661  INFO [main] LoginPage:46 - Property file path>>>>>>https://classic.crmpro.com/index.html
2023-05-02 19:18:13,471  INFO [main] LoginPage:116 - Browser Terminated
2023-05-02 19:18:13,472  INFO [main] LoginPage:117 - -----------------------------------------------
2023-05-02 19:18:14,376  INFO [main] LoginPage:71 - Chrome driver initiated........
2023-05-02 19:18:14,376  INFO [main] WebEventListener:46 - Property file path>>>>>>https://classic.crmpro.com/index.html
2023-05-02 19:18:22,669  INFO [main] WebEventListener:32 - Application Launched Successfully
2023-05-02 19:18:22,673  INFO [main] TestUtil:46 - Property file path>>>>>>https://classic.crmpro.com/index.html
2023-05-02 19:18:22,674  INFO [main] LoginPage:46 - Property file path>>>>>>https://classic.crmpro.com/index.html
2023-05-02 19:18:22,676  INFO [main] ContactsPage:46 - Property file path>>>>>>https://classic.crmpro.com/index.html
2023-05-02 19:18:22,677  INFO [main] DealsPage:46 - Property file path>>>>>>https://classic.crmpro.com/index.html
2023-05-02 19:18:33,924  INFO [main] HomePage:46 - Property file path>>>>>>https://classic.crmpro.com/index.html
2023-05-02 19:18:33,948  INFO [main] HomePage:46 - Home Page Title Verified
2023-05-02 19:18:34,172  INFO [main] HomePage:116 - Browser Terminated
2023-05-02 19:18:34,173  INFO [main] HomePage:117 - -----------------------------------------------
2023-05-02 19:18:35,205  INFO [main] HomePage:71 - Chrome driver initiated........
2023-05-02 19:18:35,209  INFO [main] WebEventListener:46 - Property file path>>>>>>https://classic.crmpro.com/index.html
2023-05-02 19:18:43,732  INFO [main] WebEventListener:116 - Browser Terminated
2023-05-02 19:18:43,732  INFO [main] WebEventListener:117 - -----------------------------------------------
2023-05-02 19:18:44,723  INFO [main] WebEventListener:71 - Chrome driver initiated........
2023-05-02 19:18:44,724  INFO [main] WebEventListener:46 - Property file path>>>>>>https://classic.crmpro.com/index.html
