2023-06-01 16:00:38,448  INFO [main] ContactsPageTest:71 - Chrome driver initiated........
2023-06-01 16:00:38,487  INFO [main] WebEventListener:46 - Property file path>>>>>>https://classic.crmpro.com/index.html
2023-06-01 16:01:08,971 DEBUG [main] cache:45 - Couldn't find template in cache for "spark/spark.spa.ftl"("en_US", UTF-8, parsed); will try to load it.
2023-06-01 16:01:08,971 DEBUG [main] cache:45 - TemplateLoader.findTemplateSource("spark/spark.spa_en_US.ftl"): Not found
2023-06-01 16:01:08,971 DEBUG [main] cache:45 - TemplateLoader.findTemplateSource("spark/spark.spa_en.ftl"): Not found
2023-06-01 16:01:08,971 DEBUG [main] cache:45 - TemplateLoader.findTemplateSource("spark/spark.spa.ftl"): Found
2023-06-01 16:01:08,971 DEBUG [main] cache:45 - Loading template for "spark/spark.spa.ftl"("en_US", UTF-8, parsed) from "jar:file:/C:/Users/Divya8798/.m2/repository/com/aventstack/extentreports/5.0.9/extentreports-5.0.9.jar!/com/aventstack/extentreports/templates/spark/spark.spa.ftl"
2023-06-01 16:01:09,101 DEBUG [main] cache:45 - Couldn't find template in cache for "commons/commons-variables.ftl"("en_US", UTF-8, parsed); will try to load it.
2023-06-01 16:01:09,101 DEBUG [main] cache:45 - TemplateLoader.findTemplateSource("commons/commons-variables_en_US.ftl"): Not found
2023-06-01 16:01:09,101 DEBUG [main] cache:45 - TemplateLoader.findTemplateSource("commons/commons-variables_en.ftl"): Not found
2023-06-01 16:01:09,101 DEBUG [main] cache:45 - TemplateLoader.findTemplateSource("commons/commons-variables.ftl"): Found
2023-06-01 16:01:09,106 DEBUG [main] cache:45 - Loading template for "commons/commons-variables.ftl"("en_US", UTF-8, parsed) from "jar:file:/C:/Users/Divya8798/.m2/repository/com/aventstack/extentreports/5.0.9/extentreports-5.0.9.jar!/com/aventstack/extentreports/templates/commons/commons-variables.ftl"
2023-06-01 16:01:09,280 DEBUG [main] cache:45 - Couldn't find template in cache for "commons/commons-macros.ftl"("en_US", UTF-8, parsed); will try to load it.
2023-06-01 16:01:09,284 DEBUG [main] cache:45 - TemplateLoader.findTemplateSource("commons/commons-macros_en_US.ftl"): Not found
2023-06-01 16:01:09,284 DEBUG [main] cache:45 - TemplateLoader.findTemplateSource("commons/commons-macros_en.ftl"): Not found
2023-06-01 16:01:09,284 DEBUG [main] cache:45 - TemplateLoader.findTemplateSource("commons/commons-macros.ftl"): Found
2023-06-01 16:01:09,284 DEBUG [main] cache:45 - Loading template for "commons/commons-macros.ftl"("en_US", UTF-8, parsed) from "jar:file:/C:/Users/Divya8798/.m2/repository/com/aventstack/extentreports/5.0.9/extentreports-5.0.9.jar!/com/aventstack/extentreports/templates/commons/commons-macros.ftl"
2023-06-01 16:01:09,301 DEBUG [main] cache:45 - Couldn't find template in cache for "spark/macros/attributes.ftl"("en_US", UTF-8, parsed); will try to load it.
2023-06-01 16:01:09,301 DEBUG [main] cache:45 - TemplateLoader.findTemplateSource("spark/macros/attributes_en_US.ftl"): Not found
2023-06-01 16:01:09,301 DEBUG [main] cache:45 - TemplateLoader.findTemplateSource("spark/macros/attributes_en.ftl"): Not found
2023-06-01 16:01:09,301 DEBUG [main] cache:45 - TemplateLoader.findTemplateSource("spark/macros/attributes.ftl"): Found
2023-06-01 16:01:09,301 DEBUG [main] cache:45 - Loading template for "spark/macros/attributes.ftl"("en_US", UTF-8, parsed) from "jar:file:/C:/Users/Divya8798/.m2/repository/com/aventstack/extentreports/5.0.9/extentreports-5.0.9.jar!/com/aventstack/extentreports/templates/spark/macros/attributes.ftl"
2023-06-01 16:01:09,301 DEBUG [main] cache:45 - Couldn't find template in cache for "spark/macros/log.ftl"("en_US", UTF-8, parsed); will try to load it.
2023-06-01 16:01:09,310 DEBUG [main] cache:45 - TemplateLoader.findTemplateSource("spark/macros/log_en_US.ftl"): Not found
2023-06-01 16:01:09,312 DEBUG [main] cache:45 - TemplateLoader.findTemplateSource("spark/macros/log_en.ftl"): Not found
2023-06-01 16:01:09,321 DEBUG [main] cache:45 - TemplateLoader.findTemplateSource("spark/macros/log.ftl"): Found
2023-06-01 16:01:09,325 DEBUG [main] cache:45 - Loading template for "spark/macros/log.ftl"("en_US", UTF-8, parsed) from "jar:file:/C:/Users/Divya8798/.m2/repository/com/aventstack/extentreports/5.0.9/extentreports-5.0.9.jar!/com/aventstack/extentreports/templates/spark/macros/log.ftl"
2023-06-01 16:01:09,331 DEBUG [main] cache:45 - Couldn't find template in cache for "spark/macros/recurse_nodes.ftl"("en_US", UTF-8, parsed); will try to load it.
2023-06-01 16:01:09,331 DEBUG [main] cache:45 - TemplateLoader.findTemplateSource("spark/macros/recurse_nodes_en_US.ftl"): Not found
2023-06-01 16:01:09,336 DEBUG [main] cache:45 - TemplateLoader.findTemplateSource("spark/macros/recurse_nodes_en.ftl"): Not found
2023-06-01 16:01:09,336 DEBUG [main] cache:45 - TemplateLoader.findTemplateSource("spark/macros/recurse_nodes.ftl"): Found
2023-06-01 16:01:09,336 DEBUG [main] cache:45 - Loading template for "spark/macros/recurse_nodes.ftl"("en_US", UTF-8, parsed) from "jar:file:/C:/Users/Divya8798/.m2/repository/com/aventstack/extentreports/5.0.9/extentreports-5.0.9.jar!/com/aventstack/extentreports/templates/spark/macros/recurse_nodes.ftl"
2023-06-01 16:01:09,352 DEBUG [main] cache:45 - "spark/macros/log.ftl"("en_US", UTF-8, parsed) cached copy not yet stale; using cached.
2023-06-01 16:01:09,352 DEBUG [main] cache:45 - Couldn't find template in cache for "spark/macros/attr-common.ftl"("en_US", UTF-8, parsed); will try to load it.
2023-06-01 16:01:09,352 DEBUG [main] cache:45 - TemplateLoader.findTemplateSource("spark/macros/attr-common_en_US.ftl"): Not found
2023-06-01 16:01:09,357 DEBUG [main] cache:45 - TemplateLoader.findTemplateSource("spark/macros/attr-common_en.ftl"): Not found
2023-06-01 16:01:09,357 DEBUG [main] cache:45 - TemplateLoader.findTemplateSource("spark/macros/attr-common.ftl"): Found
2023-06-01 16:01:09,357 DEBUG [main] cache:45 - Loading template for "spark/macros/attr-common.ftl"("en_US", UTF-8, parsed) from "jar:file:/C:/Users/Divya8798/.m2/repository/com/aventstack/extentreports/5.0.9/extentreports-5.0.9.jar!/com/aventstack/extentreports/templates/spark/macros/attr-common.ftl"
2023-06-01 16:01:09,380 DEBUG [main] cache:45 - Couldn't find template in cache for "spark/partials/head.ftl"("en_US", UTF-8, parsed); will try to load it.
2023-06-01 16:01:09,382 DEBUG [main] cache:45 - TemplateLoader.findTemplateSource("spark/partials/head_en_US.ftl"): Not found
2023-06-01 16:01:09,382 DEBUG [main] cache:45 - TemplateLoader.findTemplateSource("spark/partials/head_en.ftl"): Not found
2023-06-01 16:01:09,382 DEBUG [main] cache:45 - TemplateLoader.findTemplateSource("spark/partials/head.ftl"): Found
2023-06-01 16:01:09,382 DEBUG [main] cache:45 - Loading template for "spark/partials/head.ftl"("en_US", UTF-8, parsed) from "jar:file:/C:/Users/Divya8798/.m2/repository/com/aventstack/extentreports/5.0.9/extentreports-5.0.9.jar!/com/aventstack/extentreports/templates/spark/partials/head.ftl"
2023-06-01 16:01:09,391 DEBUG [main] cache:45 - Couldn't find template in cache for "commons/commons-inject-css.ftl"("en_US", UTF-8, parsed); will try to load it.
2023-06-01 16:01:09,391 DEBUG [main] cache:45 - TemplateLoader.findTemplateSource("commons/commons-inject-css_en_US.ftl"): Not found
2023-06-01 16:01:09,394 DEBUG [main] cache:45 - TemplateLoader.findTemplateSource("commons/commons-inject-css_en.ftl"): Not found
2023-06-01 16:01:09,395 DEBUG [main] cache:45 - TemplateLoader.findTemplateSource("commons/commons-inject-css.ftl"): Found
2023-06-01 16:01:09,395 DEBUG [main] cache:45 - Loading template for "commons/commons-inject-css.ftl"("en_US", UTF-8, parsed) from "jar:file:/C:/Users/Divya8798/.m2/repository/com/aventstack/extentreports/5.0.9/extentreports-5.0.9.jar!/com/aventstack/extentreports/templates/commons/commons-inject-css.ftl"
2023-06-01 16:01:09,395 DEBUG [main] cache:45 - Couldn't find template in cache for "spark/partials/navbar.ftl"("en_US", UTF-8, parsed); will try to load it.
2023-06-01 16:01:09,395 DEBUG [main] cache:45 - TemplateLoader.findTemplateSource("spark/partials/navbar_en_US.ftl"): Not found
2023-06-01 16:01:09,400 DEBUG [main] cache:45 - TemplateLoader.findTemplateSource("spark/partials/navbar_en.ftl"): Not found
2023-06-01 16:01:09,400 DEBUG [main] cache:45 - TemplateLoader.findTemplateSource("spark/partials/navbar.ftl"): Found
2023-06-01 16:01:09,400 DEBUG [main] cache:45 - Loading template for "spark/partials/navbar.ftl"("en_US", UTF-8, parsed) from "jar:file:/C:/Users/Divya8798/.m2/repository/com/aventstack/extentreports/5.0.9/extentreports-5.0.9.jar!/com/aventstack/extentreports/templates/spark/partials/navbar.ftl"
2023-06-01 16:01:09,412 DEBUG [main] cache:45 - Couldn't find template in cache for "spark/partials/sidenav.ftl"("en_US", UTF-8, parsed); will try to load it.
2023-06-01 16:01:09,412 DEBUG [main] cache:45 - TemplateLoader.findTemplateSource("spark/partials/sidenav_en_US.ftl"): Not found
2023-06-01 16:01:09,412 DEBUG [main] cache:45 - TemplateLoader.findTemplateSource("spark/partials/sidenav_en.ftl"): Not found
2023-06-01 16:01:09,421 DEBUG [main] cache:45 - TemplateLoader.findTemplateSource("spark/partials/sidenav.ftl"): Found
2023-06-01 16:01:09,421 DEBUG [main] cache:45 - Loading template for "spark/partials/sidenav.ftl"("en_US", UTF-8, parsed) from "jar:file:/C:/Users/Divya8798/.m2/repository/com/aventstack/extentreports/5.0.9/extentreports-5.0.9.jar!/com/aventstack/extentreports/templates/spark/partials/sidenav.ftl"
2023-06-01 16:01:09,443 DEBUG [main] cache:45 - Couldn't find template in cache for "spark/partials/test.ftl"("en_US", UTF-8, parsed); will try to load it.
2023-06-01 16:01:09,450 DEBUG [main] cache:45 - TemplateLoader.findTemplateSource("spark/partials/test_en_US.ftl"): Not found
2023-06-01 16:01:09,450 DEBUG [main] cache:45 - TemplateLoader.findTemplateSource("spark/partials/test_en.ftl"): Not found
2023-06-01 16:01:09,450 DEBUG [main] cache:45 - TemplateLoader.findTemplateSource("spark/partials/test.ftl"): Found
2023-06-01 16:01:09,450 DEBUG [main] cache:45 - Loading template for "spark/partials/test.ftl"("en_US", UTF-8, parsed) from "jar:file:/C:/Users/Divya8798/.m2/repository/com/aventstack/extentreports/5.0.9/extentreports-5.0.9.jar!/com/aventstack/extentreports/templates/spark/partials/test.ftl"
2023-06-01 16:01:09,478 DEBUG [main] cache:45 - Couldn't find template in cache for "spark/partials/exception.ftl"("en_US", UTF-8, parsed); will try to load it.
2023-06-01 16:01:09,481 DEBUG [main] cache:45 - TemplateLoader.findTemplateSource("spark/partials/exception_en_US.ftl"): Not found
2023-06-01 16:01:09,481 DEBUG [main] cache:45 - TemplateLoader.findTemplateSource("spark/partials/exception_en.ftl"): Not found
2023-06-01 16:01:09,481 DEBUG [main] cache:45 - TemplateLoader.findTemplateSource("spark/partials/exception.ftl"): Found
2023-06-01 16:01:09,481 DEBUG [main] cache:45 - Loading template for "spark/partials/exception.ftl"("en_US", UTF-8, parsed) from "jar:file:/C:/Users/Divya8798/.m2/repository/com/aventstack/extentreports/5.0.9/extentreports-5.0.9.jar!/com/aventstack/extentreports/templates/spark/partials/exception.ftl"
2023-06-01 16:01:09,481 DEBUG [main] cache:45 - Couldn't find template in cache for "spark/partials/category.ftl"("en_US", UTF-8, parsed); will try to load it.
2023-06-01 16:01:09,481 DEBUG [main] cache:45 - TemplateLoader.findTemplateSource("spark/partials/category_en_US.ftl"): Not found
2023-06-01 16:01:09,489 DEBUG [main] cache:45 - TemplateLoader.findTemplateSource("spark/partials/category_en.ftl"): Not found
2023-06-01 16:01:09,490 DEBUG [main] cache:45 - TemplateLoader.findTemplateSource("spark/partials/category.ftl"): Found
2023-06-01 16:01:09,490 DEBUG [main] cache:45 - Loading template for "spark/partials/category.ftl"("en_US", UTF-8, parsed) from "jar:file:/C:/Users/Divya8798/.m2/repository/com/aventstack/extentreports/5.0.9/extentreports-5.0.9.jar!/com/aventstack/extentreports/templates/spark/partials/category.ftl"
2023-06-01 16:01:09,490 DEBUG [main] cache:45 - Couldn't find template in cache for "spark/partials/device.ftl"("en_US", UTF-8, parsed); will try to load it.
2023-06-01 16:01:09,490 DEBUG [main] cache:45 - TemplateLoader.findTemplateSource("spark/partials/device_en_US.ftl"): Not found
2023-06-01 16:01:09,490 DEBUG [main] cache:45 - TemplateLoader.findTemplateSource("spark/partials/device_en.ftl"): Not found
2023-06-01 16:01:09,490 DEBUG [main] cache:45 - TemplateLoader.findTemplateSource("spark/partials/device.ftl"): Found
2023-06-01 16:01:09,490 DEBUG [main] cache:45 - Loading template for "spark/partials/device.ftl"("en_US", UTF-8, parsed) from "jar:file:/C:/Users/Divya8798/.m2/repository/com/aventstack/extentreports/5.0.9/extentreports-5.0.9.jar!/com/aventstack/extentreports/templates/spark/partials/device.ftl"
2023-06-01 16:01:09,500 DEBUG [main] cache:45 - Couldn't find template in cache for "spark/partials/author.ftl"("en_US", UTF-8, parsed); will try to load it.
2023-06-01 16:01:09,500 DEBUG [main] cache:45 - TemplateLoader.findTemplateSource("spark/partials/author_en_US.ftl"): Not found
2023-06-01 16:01:09,500 DEBUG [main] cache:45 - TemplateLoader.findTemplateSource("spark/partials/author_en.ftl"): Not found
2023-06-01 16:01:09,506 DEBUG [main] cache:45 - TemplateLoader.findTemplateSource("spark/partials/author.ftl"): Found
2023-06-01 16:01:09,506 DEBUG [main] cache:45 - Loading template for "spark/partials/author.ftl"("en_US", UTF-8, parsed) from "jar:file:/C:/Users/Divya8798/.m2/repository/com/aventstack/extentreports/5.0.9/extentreports-5.0.9.jar!/com/aventstack/extentreports/templates/spark/partials/author.ftl"
2023-06-01 16:01:09,507 DEBUG [main] cache:45 - Couldn't find template in cache for "spark/partials/log.ftl"("en_US", UTF-8, parsed); will try to load it.
2023-06-01 16:01:09,507 DEBUG [main] cache:45 - TemplateLoader.findTemplateSource("spark/partials/log_en_US.ftl"): Not found
2023-06-01 16:01:09,507 DEBUG [main] cache:45 - TemplateLoader.findTemplateSource("spark/partials/log_en.ftl"): Not found
2023-06-01 16:01:09,512 DEBUG [main] cache:45 - TemplateLoader.findTemplateSource("spark/partials/log.ftl"): Found
2023-06-01 16:01:09,512 DEBUG [main] cache:45 - Loading template for "spark/partials/log.ftl"("en_US", UTF-8, parsed) from "jar:file:/C:/Users/Divya8798/.m2/repository/com/aventstack/extentreports/5.0.9/extentreports-5.0.9.jar!/com/aventstack/extentreports/templates/spark/partials/log.ftl"
2023-06-01 16:01:09,512 DEBUG [main] cache:45 - Couldn't find template in cache for "spark/partials/dashboard.ftl"("en_US", UTF-8, parsed); will try to load it.
2023-06-01 16:01:09,512 DEBUG [main] cache:45 - TemplateLoader.findTemplateSource("spark/partials/dashboard_en_US.ftl"): Not found
2023-06-01 16:01:09,512 DEBUG [main] cache:45 - TemplateLoader.findTemplateSource("spark/partials/dashboard_en.ftl"): Not found
2023-06-01 16:01:09,520 DEBUG [main] cache:45 - TemplateLoader.findTemplateSource("spark/partials/dashboard.ftl"): Found
2023-06-01 16:01:09,521 DEBUG [main] cache:45 - Loading template for "spark/partials/dashboard.ftl"("en_US", UTF-8, parsed) from "jar:file:/C:/Users/Divya8798/.m2/repository/com/aventstack/extentreports/5.0.9/extentreports-5.0.9.jar!/com/aventstack/extentreports/templates/spark/partials/dashboard.ftl"
2023-06-01 16:01:09,651 DEBUG [main] cache:45 - Couldn't find template in cache for "spark/partials/scripts.ftl"("en_US", UTF-8, parsed); will try to load it.
2023-06-01 16:01:09,651 DEBUG [main] cache:45 - TemplateLoader.findTemplateSource("spark/partials/scripts_en_US.ftl"): Not found
2023-06-01 16:01:09,653 DEBUG [main] cache:45 - TemplateLoader.findTemplateSource("spark/partials/scripts_en.ftl"): Not found
2023-06-01 16:01:09,653 DEBUG [main] cache:45 - TemplateLoader.findTemplateSource("spark/partials/scripts.ftl"): Found
2023-06-01 16:01:09,653 DEBUG [main] cache:45 - Loading template for "spark/partials/scripts.ftl"("en_US", UTF-8, parsed) from "jar:file:/C:/Users/Divya8798/.m2/repository/com/aventstack/extentreports/5.0.9/extentreports-5.0.9.jar!/com/aventstack/extentreports/templates/spark/partials/scripts.ftl"
2023-06-01 16:01:09,653 DEBUG [main] cache:45 - Couldn't find template in cache for "commons/commons-inject-js.ftl"("en_US", UTF-8, parsed); will try to load it.
2023-06-01 16:01:09,660 DEBUG [main] cache:45 - TemplateLoader.findTemplateSource("commons/commons-inject-js_en_US.ftl"): Not found
2023-06-01 16:01:09,662 DEBUG [main] cache:45 - TemplateLoader.findTemplateSource("commons/commons-inject-js_en.ftl"): Not found
2023-06-01 16:01:09,662 DEBUG [main] cache:45 - TemplateLoader.findTemplateSource("commons/commons-inject-js.ftl"): Found
2023-06-01 16:01:09,664 DEBUG [main] cache:45 - Loading template for "commons/commons-inject-js.ftl"("en_US", UTF-8, parsed) from "jar:file:/C:/Users/Divya8798/.m2/repository/com/aventstack/extentreports/5.0.9/extentreports-5.0.9.jar!/com/aventstack/extentreports/templates/commons/commons-inject-js.ftl"
